120953.000
132080.000
130683.000
131505.000
133435.000
131481.000
133547.000
131914.000
129926.000
122657.000
131218.000
130154.000
131023.000
127162.000
135702.000
133216.000
133663.000
128822.000
126921.000
134033.000
133579.000
133580.000
131252.000
134092.000
131476.000
130140.000
125162.000
134482.000
133688.000
135781.000
133739.000
131576.000
131553.000
136400.000
135333.000
134972.000
133328.000
134572.000
133736.000
131375.000
135048.000
134911.000
135680.000
133466.000
135218.000
133457.000
133771.000
135288.000
135486.000
133711.000
